<?xml version="1.0" encoding="UTF-8"?>
<!-- Generated by org.testng.reporters.JUnitReportReporter -->
<testsuite hostname="Admin-PC" name="com.Grid.Tests.GithubTest" tests="2" failures="0" timestamp="5 Jun 2020 16:31:53 GMT" time="47.942" errors="0">
  <testcase name="githubTest_2" time="18.796" classname="com.Grid.Tests.GithubTest"/>
  <testcase name="githubTest_1" time="29.146" classname="com.Grid.Tests.GithubTest"/>
</testsuite> <!-- com.Grid.Tests.GithubTest -->
