<?xml version="1.0" encoding="UTF-8"?>
<!-- Generated by org.testng.reporters.JUnitReportReporter -->
<testsuite hostname="Admin-PC" name="com.Grid.Tests.ChromeTest2" tests="1" failures="0" timestamp="5 Jun 2020 14:01:54 GMT" time="18.035" errors="0">
  <testcase name="chromeTest2" time="18.035" classname="com.Grid.Tests.ChromeTest2"/>
</testsuite> <!-- com.Grid.Tests.ChromeTest2 -->
