<?xml version="1.0" encoding="UTF-8"?>
<!-- Generated by org.testng.reporters.JUnitReportReporter -->
<testsuite hostname="Admin-PC" name="com.Grid.Tests.ChromeTest1" tests="1" failures="0" timestamp="5 Jun 2020 14:01:55 GMT" time="18.890" errors="0">
  <testcase name="chromeTest1" time="18.890" classname="com.Grid.Tests.ChromeTest1"/>
</testsuite> <!-- com.Grid.Tests.ChromeTest1 -->
