<?xml version="1.0" encoding="UTF-8"?>
<!-- Generated by org.testng.reporters.JUnitReportReporter -->
<testsuite hostname="Admin-PC" name="com.Grid.Tests.ChromeTest4" tests="1" failures="0" timestamp="5 Jun 2020 14:01:55 GMT" time="17.920" errors="0">
  <testcase name="chromeTest4" time="17.920" classname="com.Grid.Tests.ChromeTest4"/>
</testsuite> <!-- com.Grid.Tests.ChromeTest4 -->
