<?xml version="1.0" encoding="UTF-8"?>
<!-- Generated by org.testng.reporters.JUnitReportReporter -->
<testsuite hostname="Admin-PC" name="com.Grid.Tests.ChromeGridTest" tests="1" failures="0" timestamp="8 Mar 2020 07:30:19 GMT" time="6.152" errors="0">
  <testcase name="chromeGridTest" time="6.152" classname="com.Grid.Tests.ChromeGridTest"/>
</testsuite> <!-- com.Grid.Tests.ChromeGridTest -->
